<?xml version="1.0" encoding="UTF-8"?>
<!-- Generated by org.testng.reporters.JUnitXMLReporter -->
<testsuite hostname="E6410-PC" name="Default test" tests="3" failures="0" timestamp="13 Sep 2019 03:09:56 GMT" time="1.216" errors="0">
  <testcase name="test3" time="1.093" classname="prioritizingTest.TestNG_Dependency"/>
  <testcase name="test1" time="0.002" classname="prioritizingTest.TestNG_Dependency"/>
  <testcase name="test4" time="0.003" classname="prioritizingTest.TestNG_Dependency"/>
</testsuite> <!-- Default test -->
